
                                +----------------+
------------------------------ { Script And Files }  ------------------------------
                                +----------------+

	Script Log File : /home/paxterra/Documents/TestON_Workspace/TestON/logs/FVProtoSlicing_24_Mar_2013_17_53_03/FVProtoSlicing_24_Mar_2013_17_53_03.log
	Report Log File : /home/paxterra/Documents/TestON_Workspace/TestON/logs/FVProtoSlicing_24_Mar_2013_17_53_03/FVProtoSlicing_24_Mar_2013_17_53_03.rpt
	FlowVisor Session Log : /home/paxterra/Documents/TestON_Workspace/TestON/logs/FVProtoSlicing_24_Mar_2013_17_53_03/FlowVisor.session
	FloodLight Session Log : /home/paxterra/Documents/TestON_Workspace/TestON/logs/FVProtoSlicing_24_Mar_2013_17_53_03/FloodLight.session
	Pax_DPVM1 Session Log : /home/paxterra/Documents/TestON_Workspace/TestON/logs/FVProtoSlicing_24_Mar_2013_17_53_03/Pax_DPVM1.session
	Test Script :/home/paxterra/Documents/TestON_Workspace/TestON/Tests/FVProtoSlicing.py
	Test Params : /home/paxterra/Documents/TestON_Workspace/TestON/Tests/FVProtoSlicing.params
	Topology : /home/paxterra/Documents/TestON_Workspace/TestON/Tests/FVProtoSlicing.tpl
                              +------------------+
---------------------------  { Script Exec Params }  ---------------------------
                              +------------------+

	
	'CASE1': 
	'dl_type': '0x800'
	 'tp_dst': '22'
	 'controller': 'c1'
	 'nw_src': '10.0.0.2'
	 'permissions': '4'
	 'src': 'h2'
	 'slice': 'SSH'
	 'target': 'h3'
	 'destination': 'h2'
	 'nw_proto': '6'
	 'STEP1': 
	'host': 'h2'
	
	
	 'mail': 'anil4haart@gmail.com
	paxweb@paxterrasolutions.com'
	 'testcases': '1'
	

                               +---------------+
----------------------------- { Components Used }  -----------------------------
                               +---------------+
	FlowVisor
	FloodLight
	Pax_DPVM1


                              +--------+
---------------------------- { Topology }  ----------------------------
                              +--------+

	
	'FlowVisor': 
	'remote_user_name': 'Paxterra'
	 'COMPONENTS': ''
	 'user': 'paxterra'
	 'remote_ip_address': '24.6.49.222'
	 'remote_port': '6500'
	 'remote_pwd': '0nLab_gu3st'
	 'password': '0nLab_gu3st'
	 'type': 'FlowVisorCliDriver'
	 'host': '10.128.4.2'
	 'fvadmin_pwd': None
	
	 'FloodLight': 
	'remote_user_name': 'Paxterra'
	 'COMPONENTS': ''
	 'user': 'paxterra'
	 'remote_ip_address': '24.6.49.222'
	 'remote_port': '6500'
	 'remote_pwd': '0nLab_gu3st'
	 'password': '0nLab_gu3st'
	 'type': 'RemoteVMDriver'
	 'host': '10.128.4.3'
	
	 'Pax_DPVM1': 
	'remote_user_name': 'Paxterra'
	 'COMPONENTS': ''
	 'user': 'paxterra'
	 'remote_ip_address': '24.6.49.222'
	 'remote_port': '6500'
	 'remote_pwd': '0nLab_gu3st'
	 'password': '0nLab_gu3st'
	 'type': 'RemoteVMDriver'
	 'host': '10.128.4.5'
	
	
------------------------------------------------------------


******************************
 CASE INIT 
******************************

2013-03-24 17:53:03,962 - FVProtoSlicing - INFO - Creating component Handle: FlowVisor
2013-03-24 17:53:06,571 - FVProtoSlicing - INFO - ssh connection asked for password, gave password
2013-03-24 17:53:07,991 - FVProtoSlicing - INFO - Expected Prompt Found
2013-03-24 17:53:08,347 - FVProtoSlicing - INFO - Expected Prompt Found
2013-03-24 17:53:08,448 - FVProtoSlicing - INFO - Expected Prompt Found
2013-03-24 17:53:08,448 - FVProtoSlicing - INFO - ssh paxterra@10.128.4.2
2013-03-24 17:53:08,549 - FVProtoSlicing - INFO - Expected Prompt Found
2013-03-24 17:53:18,659 - FVProtoSlicing - ERROR - Expected Prompt not found , Time Out!!
2013-03-24 17:53:28,760 - FVProtoSlicing - ERROR - Expected Prompt not found , Time Out!!
2013-03-24 17:53:28,760 - FVProtoSlicing - INFO - connected FlowVisor
2013-03-24 17:53:28,760 - FVProtoSlicing - INFO - Creating component Handle: FloodLight
2013-03-24 17:53:31,463 - FVProtoSlicing - INFO - ssh connection asked for password, gave password
2013-03-24 17:53:32,943 - FVProtoSlicing - INFO - Expected Prompt Found
2013-03-24 17:53:33,311 - FVProtoSlicing - INFO - Expected Prompt Found
2013-03-24 17:53:33,412 - FVProtoSlicing - INFO - Expected Prompt Found
2013-03-24 17:53:33,412 - FVProtoSlicing - INFO - ssh paxterra@10.128.4.3
2013-03-24 17:53:33,513 - FVProtoSlicing - INFO - Expected Prompt Found
2013-03-24 17:53:43,623 - FVProtoSlicing - ERROR - Expected Prompt not found , Time Out!!
2013-03-24 17:53:53,591 - FVProtoSlicing - INFO - Expected Prompt Found
2013-03-24 17:53:53,592 - FVProtoSlicing - INFO - Creating component Handle: Pax_DPVM1
2013-03-24 17:53:56,199 - FVProtoSlicing - INFO - ssh connection asked for password, gave password
2013-03-24 17:53:57,631 - FVProtoSlicing - INFO - Expected Prompt Found
2013-03-24 17:53:57,997 - FVProtoSlicing - INFO - Expected Prompt Found
2013-03-24 17:53:58,097 - FVProtoSlicing - INFO - Expected Prompt Found
2013-03-24 17:53:58,098 - FVProtoSlicing - INFO - ssh paxterra@10.128.4.5
2013-03-24 17:53:58,198 - FVProtoSlicing - INFO - Expected Prompt Found
2013-03-24 17:54:08,307 - FVProtoSlicing - ERROR - Expected Prompt not found , Time Out!!
2013-03-24 17:54:18,415 - FVProtoSlicing - ERROR - Expected Prompt not found , Time Out!!


******************************
 Result summary for Testcase1
******************************


[2013-03-24 17:54:18.418096] [FVProtoSlicing] [STEP]  INIT : Initializing the test case :1

[2013-03-24 17:54:18.418451] [FVProtoSlicing] [STEP]  1.1: remove flowspace by USING 'removeFlowSpace' by specifying either id or 'all'
2013-03-24 17:54:18,520 - FVProtoSlicing - INFO - Expected Prompt Found
2013-03-24 17:54:19,335 - FVProtoSlicing - INFO - Expected Prompt Found
2013-03-24 17:54:20,579 - FVProtoSlicing - INFO - Expected Prompt Found
2013-03-24 17:54:20,580 - FVProtoSlicing - INFO - Got reply:
rule 0: FlowEntry[dpid=[all_dpids],ruleMatch=[OFMatch[dl_src=9e:f5:8b:78:c3:93,dl_type=0x806,nw_dst=10.128.4.6]],actionsList=[Slice:SSH=4],id=[70],priority=[100],]
rule 1: FlowEntry[dpid=[all_dpids],ruleMatch=[OFMatch[dl_src=d2:df:f1:53:d4:49,dl_type=0x806,nw_dst=10.128.4.5]],actionsList=[Slice:SSH=4],id=[71],priority=[100],]paxterra@FlowvisorPAX:~
2013-03-24 17:54:20,931 - FVProtoSlicing - INFO - Expected Prompt Found
2013-03-24 17:54:21,603 - FVProtoSlicing - INFO - Expected Prompt Found
2013-03-24 17:54:23,139 - FVProtoSlicing - INFO - Expected Prompt Found
2013-03-24 17:54:23,140 - FVProtoSlicing - INFO - Removed flowSpace which is having id :70
2013-03-24 17:54:23,487 - FVProtoSlicing - INFO - Expected Prompt Found
2013-03-24 17:54:24,179 - FVProtoSlicing - INFO - Expected Prompt Found
2013-03-24 17:54:25,683 - FVProtoSlicing - INFO - Expected Prompt Found
2013-03-24 17:54:25,684 - FVProtoSlicing - INFO - Removed flowSpace which is having id :71

[2013-03-24 17:54:25.684333] [FVProtoSlicing] [STEP]  1.2: Adding FlowSpace
2013-03-24 17:54:26,035 - FVProtoSlicing - INFO - Expected Prompt Found
2013-03-24 17:54:26,743 - FVProtoSlicing - INFO - Expected Prompt Found
2013-03-24 17:54:36,847 - FVProtoSlicing - ERROR - Expected Prompt not found , Time Out!!
2013-03-24 17:54:37,215 - FVProtoSlicing - INFO - Expected Prompt Found
2013-03-24 17:54:37,931 - FVProtoSlicing - INFO - Expected Prompt Found
2013-03-24 17:54:39,503 - FVProtoSlicing - INFO - Expected Prompt Found
2013-03-24 17:54:39,504 - FVProtoSlicing - INFO - Added flow Space and id is 73
2013-03-24 17:54:39,855 - FVProtoSlicing - INFO - Expected Prompt Found
2013-03-24 17:54:40,551 - FVProtoSlicing - INFO - Expected Prompt Found
2013-03-24 17:54:42,119 - FVProtoSlicing - INFO - Expected Prompt Found
2013-03-24 17:54:42,120 - FVProtoSlicing - INFO - Added flow Space and id is 74
2013-03-24 17:54:42,471 - FVProtoSlicing - INFO - Expected Prompt Found
2013-03-24 17:54:43,170 - FVProtoSlicing - INFO - Expected Prompt Found
2013-03-24 17:54:44,743 - FVProtoSlicing - INFO - Expected Prompt Found
2013-03-24 17:54:44,744 - FVProtoSlicing - INFO - Added flow Space and id is 75
2013-03-24 17:54:45,100 - FVProtoSlicing - INFO - Expected Prompt Found
2013-03-24 17:54:45,791 - FVProtoSlicing - INFO - Expected Prompt Found
2013-03-24 17:54:47,355 - FVProtoSlicing - INFO - Expected Prompt Found
2013-03-24 17:54:47,356 - FVProtoSlicing - INFO - Added flow Space and id is 76
2013-03-24 17:54:47,703 - FVProtoSlicing - INFO - Expected Prompt Found
2013-03-24 17:54:48,451 - FVProtoSlicing - INFO - Expected Prompt Found
2013-03-24 17:54:50,011 - FVProtoSlicing - INFO - Expected Prompt Found
2013-03-24 17:54:50,012 - FVProtoSlicing - INFO - Added flow Space and id is 77

[2013-03-24 17:54:50.012300] [FVProtoSlicing] [STEP]  1.3: Showing the flowSpace USING 'listFlowSpace'
2013-03-24 17:54:50,363 - FVProtoSlicing - INFO - Expected Prompt Found
2013-03-24 17:54:51,071 - FVProtoSlicing - INFO - Expected Prompt Found
2013-03-24 17:54:52,591 - FVProtoSlicing - INFO - Expected Prompt Found
2013-03-24 17:54:52,592 - FVProtoSlicing - INFO - Got reply:
rule 0: FlowEntry[dpid=[all_dpids],ruleMatch=[OFMatch[dl_src=9e:f5:8b:78:c3:93,dl_type=0x806,nw_dst=10.128.4.6]],actionsList=[Slice:SSH=4],id=[72],priority=[100],]
rule 1: FlowEntry[dpid=[all_dpids],ruleMatch=[OFMatch[dl_src=d2:df:f1:53:d4:49,dl_type=0x806,nw_dst=10.128.4.5]],actionsList=[Slice:SSH=4],id=[73],priority=[100],]
rule 2: FlowEntry[dpid=[all_dpids],ruleMatch=[OFMatch[dl_type=0x800,nw_src=10.128.4.6,nw_proto=6,tp_dst=22]],actionsList=[Slice:SSH=4],id=[74],priority=[100],]
rule 3: FlowEntry[dpid=[all_dpids],ruleMatch=[OFMatch[dl_type=0x800,nw_src=10.128.4.5,nw_proto=6,tp_dst=22]],actionsList=[Slice:SSH=4],id=[75],priority=[100],]
rule 4: FlowEntry[dpid=[all_dpids],ruleMatch=[OFMatch[dl_type=0x800,nw_src=10.128.4.6,nw_proto=6,tp_src=22]],actionsList=[Slice:SSH=4],id=[76],priority=[100],]
rule 5: FlowEntry[dpid=[all_dpids],ruleMatch=[OFMatch[dl_type=0x800,nw_src=10.128.4.5,nw_proto=6,tp_src=22]],actionsList=[Slice:SSH=4],id=[77],priority=[100],]paxterra@FlowvisorPAX:~

[2013-03-24 17:54:52.592424] [FVProtoSlicing] [STEP]  1.4: Showing the connected devices by USING 'listDevices'
2013-03-24 17:54:52,955 - FVProtoSlicing - INFO - Expected Prompt Found
2013-03-24 17:54:53,667 - FVProtoSlicing - INFO - Expected Prompt Found
2013-03-24 17:54:55,179 - FVProtoSlicing - INFO - Expected Prompt Found
2013-03-24 17:54:55,180 - FVProtoSlicing - INFO - List of Devices 
Device 0: 00:02:84:34:97:cc:0a:00
Device 1: 00:02:00:23:47:52:01:40


[2013-03-24 17:54:55.181139] [FVProtoSlicing] [STEP]  1.5: Verifying the Slice, by checking SSH is happening to the destination or not
2013-03-24 17:54:55,282 - FVProtoSlicing - INFO - Expected Prompt Found
2013-03-24 17:54:55,383 - FVProtoSlicing - INFO - Expected Prompt Found
2013-03-24 17:54:55,592 - FVProtoSlicing - INFO - Expected Prompt Found
2013-03-24 17:54:55,693 - FVProtoSlicing - INFO - Expected Prompt Found
2013-03-24 17:54:55,823 - FVProtoSlicing - INFO - Expected Prompt Found
2013-03-24 17:54:55,943 - FVProtoSlicing - INFO - Expected Prompt Found


*****************************
 Result: Pass 
*****************************




*************************************
	Test Execution Summary

************************************* 

 Test Start           : 24 Mar 2013 17:53:03
 Test End             : 24 Mar 2013 17:54:55
 Execution Time       : 0:01:51.982605
 Total tests planned  : 1
 Total tests RUN      : 1
 Total Pass           : 1
 Total Fail           : 0
 Total No Result      : 0
 Success Percentage   : 100%
 Execution Result     : 100%
